<?xml version="1.0" encoding="UTF-8"?>
<!-- Generated by org.testng.reporters.JUnitReportReporter -->
<testsuite hostname="DESKTOP-P9I11B1" failures="0" tests="1" name="com.zohoAutomation.tests.Testcase1" time="16.122" errors="0" timestamp="27 Nov 2020 17:52:09 GMT">
  <testcase classname="com.zohoAutomation.tests.Testcase1" name="f" time="16.122"/>
</testsuite> <!-- com.zohoAutomation.tests.Testcase1 -->
