<?xml version="1.0" encoding="UTF-8"?>
<!-- Generated by org.testng.reporters.JUnitReportReporter -->
<testsuite hostname="DESKTOP-P9I11B1" failures="0" tests="1" name="com.zohoAutomation.tests.ZohoTest1" time="12.684" errors="0" timestamp="28 Nov 2020 05:04:19 GMT">
  <testcase classname="com.zohoAutomation.tests.ZohoTest1" name="f" time="12.684"/>
</testsuite> <!-- com.zohoAutomation.tests.ZohoTest1 -->
