<?xml version="1.0" encoding="UTF-8"?>
<!-- Generated by org.testng.reporters.JUnitReportReporter -->
<testsuite hostname="DESKTOP-P9I11B1" failures="0" tests="1" name="com.zohoAutomation.tests.Testcase2" time="8.900" errors="0" timestamp="27 Nov 2020 17:21:19 GMT">
  <testcase classname="com.zohoAutomation.tests.Testcase2" name="f" time="8.900"/>
</testsuite> <!-- com.zohoAutomation.tests.Testcase2 -->
